2025-10-24 22:07:49,483 - INFO - 开始通过API爬取九阳公社异动解析数据
2025-10-24 22:07:49,612 - INFO - 数据库连接成功
2025-10-24 22:07:49,613 - INFO - 发送API请求到: https://app.jiuyangongshe.com/jystock-app/api/v1/action/field
2025-10-24 22:07:49,614 - INFO - 请求头: {
  "Accept": "application/json, text/plain, */*",
  "Accept-Encoding": "gzip, deflate, br, zstd",
  "Accept-Language": "zh-CN,zh;q=0.9",
  "Connection": "keep-alive",
  "Content-Type": "application/json",
  "Cookie": "SESSION=ZDBlY2JkMjMtN2Y3MS00NjFkLWExZWUtYmEzNDc4NjExNjlm; Hm_lvt_58aa18061df7855800f2a1b32d6da7f4=1758760787,1760014888,1760964085; Hm_lpvt_58aa18061df7855800f2a1b32d6da7f4=1761313154",
  "Host": "app.jiuyangongshe.com",
  "Origin": "https://www.jiuyangongshe.com",
  "Referer": "https://www.jiuyangongshe.com/",
  "Sec-Fetch-Dest": "empty",
  "Sec-Fetch-Mode": "cors",
  "Sec-Fetch-Site": "same-site",
  "User-Agent": "Mozilla/5.0 (Windows NT 10.0; Win64; x64) AppleWebKit/537.36 (KHTML, like Gecko) Chrome/141.0.0.0 Safari/537.36",
  "platform": "3",
  "sec-ch-ua": "\"Google Chrome\";v=\"141\", \"Not?A_Brand\";v=\"8\", \"Chromium\";v=\"141\"",
  "sec-ch-ua-mobile": "?0",
  "sec-ch-ua-platform": "\"Windows\"",
  "timestamp": "1761314869613",
  "token": "c2b06f5ce6059235d1c2f99bdfc04265"
}
2025-10-24 22:07:49,954 - INFO - API响应状态码: 200
2025-10-24 22:07:49,955 - INFO - API请求成功，响应已保存到 api_response.json
2025-10-24 22:07:49,955 - INFO - 从API解析到 0 条股票数据
2025-10-24 22:07:49,955 - WARNING - 未解析到任何股票数据
2025-10-24 22:07:49,955 - INFO - 数据库连接已关闭
2025-10-24 22:07:49,956 - INFO - API爬虫运行结束
2025-10-24 22:12:19,885 - INFO - 开始通过API爬取九阳公社异动解析数据
2025-10-24 22:12:20,023 - INFO - 数据库连接成功
2025-10-24 22:12:20,024 - INFO - 发送API请求到: https://app.jiuyangongshe.com/jystock-app/api/v1/action/field
2025-10-24 22:12:20,025 - INFO - 请求头: {
  "Accept": "application/json, text/plain, */*",
  "Accept-Encoding": "gzip, deflate, br, zstd",
  "Accept-Language": "zh-CN,zh;q=0.9",
  "Connection": "keep-alive",
  "Content-Type": "application/json",
  "Cookie": "SESSION=ZDBlY2JkMjMtN2Y3MS00NjFkLWExZWUtYmEzNDc4NjExNjlm; Hm_lvt_58aa18061df7855800f2a1b32d6da7f4=1758760787,1760014888,1760964085; Hm_lpvt_58aa18061df7855800f2a1b32d6da7f4=1761313154",
  "Host": "app.jiuyangongshe.com",
  "Origin": "https://www.jiuyangongshe.com",
  "Referer": "https://www.jiuyangongshe.com/",
  "Sec-Fetch-Dest": "empty",
  "Sec-Fetch-Mode": "cors",
  "Sec-Fetch-Site": "same-site",
  "User-Agent": "Mozilla/5.0 (Windows NT 10.0; Win64; x64) AppleWebKit/537.36 (KHTML, like Gecko) Chrome/141.0.0.0 Safari/537.36",
  "platform": "3",
  "sec-ch-ua": "\"Google Chrome\";v=\"141\", \"Not?A_Brand\";v=\"8\", \"Chromium\";v=\"141\"",
  "sec-ch-ua-mobile": "?0",
  "sec-ch-ua-platform": "\"Windows\"",
  "timestamp": "1761315140024",
  "token": "c2b06f5ce6059235d1c2f99bdfc04265"
}
2025-10-24 22:12:20,369 - INFO - API响应状态码: 200
2025-10-24 22:12:20,370 - INFO - API请求成功，响应已保存到 api_response.json
2025-10-24 22:12:20,371 - INFO - 解析股票数据: {'date': '2025-10-24', 'reason': '', 'action_field_id': '', 'name': '简图', 'count': 0}
2025-10-24 22:12:20,372 - INFO - 解析股票数据: {'date': '2025-10-24', 'reason': '内容全由人工编写，更新时间为交易日12:00、15:30前；团队辛苦整理，禁止商业转载', 'action_field_id': 'all,2025-10-24', 'name': '全部', 'count': 82}
2025-10-24 22:12:20,372 - INFO - 解析股票数据: {'reason': '该栏仅为复盘详细解析，无任何买卖推荐的意思，请注意风险；该栏内容在发布后，可能会持续更新', 'action_field_id': 'recommend,2025-10-24', 'name': '一字板', 'count': 7}
2025-10-24 22:12:20,372 - INFO - 解析股票数据: {'action_field_id': 'c58b8a467138441aada0ce45599518d5', 'name': '公告', 'date': '2025-10-24', 'reason': '', 'status': 0, 'sort_no': 0, 'is_delete': '0', 'delete_time': None, 'create_time': '2025-10-24 11:53:50', 'update_time': None, 'count': 5}
2025-10-24 22:12:20,372 - INFO - 解析股票数据: {'action_field_id': '8ab8bdbbd4664176abbacdfd76f82978', 'name': 'AI硬件', 'date': '2025-10-24', 'reason': '全国人大常委会法工委发言人王翔23日在记者会上表示，草案拟增加促进人工智能安全与发展的内容。', 'status': 0, 'sort_no': 2, 'is_delete': '0', 'delete_time': None, 'create_time': '2025-10-24 15:50:11', 'update_time': None, 'count': 11}
2025-10-24 22:12:20,373 - INFO - 解析股票数据: {'action_field_id': '51906d82e14e425e88d7976fade9c5b6', 'name': '商业航天', 'date': '2025-10-24', 'reason': '四中全会公报发布，相较于十九届五中全会公报，本次公报新增了航天强国。', 'status': 0, 'sort_no': 3, 'is_delete': '0', 'delete_time': None, 'create_time': '2025-10-24 11:53:50', 'update_time': None, 'count': 12}
2025-10-24 22:12:20,373 - INFO - 解析股票数据: {'action_field_id': 'e606d487c898494d92e05c3c1b7fadd5', 'name': '人工智能相关', 'date': '2025-10-24', 'reason': '全国人大常委会法工委发言人王翔23日在记者会上表示，草案拟增加促进人工智能安全与发展的内容。', 'status': 0, 'sort_no': 3, 'is_delete': '0', 'delete_time': None, 'create_time': '2025-10-24 11:53:50', 'update_time': None, 'count': 0}
2025-10-24 22:12:20,373 - INFO - 解析股票数据: {'action_field_id': 'c82278d5b841419fb7bd63a485278038', 'name': '半导体', 'date': '2025-10-24', 'reason': '据报道过去半年全球存储芯片价格持续上涨。CFM闪存市场发布2025年Q4存储市场展望报告。报告指出，预计四季度，服务器eSSD涨幅将达到10%以上，DDR5 RDIMM价格涨幅约10%~15%。', 'status': 0, 'sort_no': 4, 'is_delete': '0', 'delete_time': None, 'create_time': '2025-10-24 11:53:50', 'update_time': None, 'count': 7}
2025-10-24 22:12:20,373 - INFO - 解析股票数据: {'action_field_id': '1ee4facddc364f9db0974be7b8cbabbb', 'name': '福建', 'date': '2025-10-24', 'reason': '纪念台湾光复80周年大会将于10月25日前后举行。', 'status': 0, 'sort_no': 5, 'is_delete': '0', 'delete_time': None, 'create_time': '2025-10-24 11:53:50', 'update_time': None, 'count': 0}
2025-10-24 22:12:20,373 - INFO - 解析股票数据: {'action_field_id': '293f419c1c0f43a5a3b9d2f2b1752526', 'name': '家装建筑', 'date': '2025-10-24', 'reason': '郑栅洁：“十五五”时期预计将建设改造地下管网超过70万公里 新增投资需求超过5万亿元', 'status': 0, 'sort_no': 5, 'is_delete': '0', 'delete_time': None, 'create_time': '2025-10-24 15:50:11', 'update_time': None, 'count': 3}
2025-10-24 22:12:20,374 - INFO - 解析股票数据: {'action_field_id': '75dbec998049454f99af326ebcdabe8c', 'name': '机器人', 'date': '2025-10-24', 'reason': '', 'status': 0, 'sort_no': 6, 'is_delete': '0', 'delete_time': None, 'create_time': '2025-10-24 11:53:50', 'update_time': None, 'count': 9}
2025-10-24 22:12:20,374 - INFO - 解析股票数据: {'action_field_id': 'd3129c3581c0446cbd75773d8d4bf5bf', 'name': '量子通信', 'date': '2025-10-24', 'reason': '中国电信量子研究院团队近日在光通信领域取得重要进展，成功实现了超过80公里的经典光信号与量子密钥分发共纤传输现网实验，传输速率超过10Tb/s。', 'status': 0, 'sort_no': 7, 'is_delete': '0', 'delete_time': None, 'create_time': '2025-10-24 11:53:50', 'update_time': None, 'count': 2}
2025-10-24 22:12:20,374 - INFO - 解析股票数据: {'action_field_id': '0bef871d0e644056a8d0ac90027849a3', 'name': '农业', 'date': '2025-10-24', 'reason': '中央财办副主任韩文秀：农业农村现代化是需要优先补上的最大短板。', 'status': 0, 'sort_no': 8, 'is_delete': '0', 'delete_time': None, 'create_time': '2025-10-24 11:53:50', 'update_time': None, 'count': 2}
2025-10-24 22:12:20,374 - INFO - 解析股票数据: {'action_field_id': '8bbc00cf17084c608e19c442d141b8d6', 'name': '地方国资', 'date': '2025-10-24', 'reason': '纪念台湾光复80周年大会将于10月25日前后举行。', 'status': 0, 'sort_no': 9, 'is_delete': '0', 'delete_time': None, 'create_time': '2025-10-24 15:50:11', 'update_time': None, 'count': 5}
2025-10-24 22:12:20,374 - INFO - 解析股票数据: {'action_field_id': '042d5b5ac2f34b87bf1fb277be3534fa', 'name': '其他', 'date': '2025-10-24', 'reason': '', 'status': 0, 'sort_no': 10, 'is_delete': '0', 'delete_time': None, 'create_time': '2025-10-24 11:53:50', 'update_time': None, 'count': 9}
2025-10-24 22:12:20,374 - INFO - 解析股票数据: {'action_field_id': '52e3be642ad14c0dbf5d7162171edba8', 'name': '新股', 'date': '2025-10-24', 'reason': '', 'status': 0, 'sort_no': 11, 'is_delete': '0', 'delete_time': None, 'create_time': '2025-10-24 11:53:50', 'update_time': None, 'count': 1}
2025-10-24 22:12:20,375 - INFO - 解析股票数据: {'action_field_id': '2d6dc0910e334cd2a7ee754174626769', 'name': 'ST板块', 'date': '2025-10-24', 'reason': '', 'status': 0, 'sort_no': 12, 'is_delete': '0', 'delete_time': None, 'create_time': '2025-10-24 11:53:50', 'update_time': None, 'count': 16}
2025-10-24 22:12:20,375 - INFO - 从API解析到 0 条股票数据
2025-10-24 22:12:20,375 - WARNING - 未解析到任何股票数据
2025-10-24 22:12:20,375 - INFO - 数据库连接已关闭
2025-10-24 22:12:20,375 - INFO - API爬虫运行结束
2025-10-24 22:22:04,179 - INFO - 开始通过API爬取九阳公社异动解析数据
2025-10-24 22:22:04,302 - INFO - 数据库连接成功
2025-10-24 22:22:04,303 - INFO - 发送API请求到: https://app.jiuyangongshe.com/jystock-app/api/v1/action/field
2025-10-24 22:22:04,458 - INFO - API响应状态码: 200
2025-10-24 22:22:04,460 - INFO - 找到 14 个有股票的板块
2025-10-24 22:22:04,460 - INFO - 获取板块 '全部' 的股票详情
2025-10-24 22:22:04,460 - INFO - 尝试获取股票详情: https://app.jiuyangongshe.com/jystock-app/api/v1/action/list?action_field_id=all,2025-10-24
2025-10-24 22:22:04,460 - INFO - 发送API请求到: https://app.jiuyangongshe.com/jystock-app/api/v1/action/list?action_field_id=all,2025-10-24
2025-10-24 22:22:04,492 - INFO - API响应状态码: 200
2025-10-24 22:22:04,492 - INFO - 尝试获取股票详情: https://app.jiuyangongshe.com/jystock-app/api/v1/action/detail?action_field_id=all,2025-10-24
2025-10-24 22:22:04,492 - INFO - 发送API请求到: https://app.jiuyangongshe.com/jystock-app/api/v1/action/detail?action_field_id=all,2025-10-24
2025-10-24 22:22:04,529 - WARNING - 第1次API请求失败: 404 Client Error:  for url: https://app.jiuyangongshe.com/jystock-app/api/v1/action/detail?action_field_id=all,2025-10-24
2025-10-24 22:22:06,538 - INFO - 发送API请求到: https://app.jiuyangongshe.com/jystock-app/api/v1/action/detail?action_field_id=all,2025-10-24
2025-10-24 22:22:06,577 - WARNING - 第2次API请求失败: 404 Client Error:  for url: https://app.jiuyangongshe.com/jystock-app/api/v1/action/detail?action_field_id=all,2025-10-24
2025-10-24 22:22:10,591 - INFO - 发送API请求到: https://app.jiuyangongshe.com/jystock-app/api/v1/action/detail?action_field_id=all,2025-10-24
2025-10-24 22:22:10,628 - WARNING - 第3次API请求失败: 404 Client Error:  for url: https://app.jiuyangongshe.com/jystock-app/api/v1/action/detail?action_field_id=all,2025-10-24
2025-10-24 22:22:10,628 - ERROR - 所有API请求重试失败
2025-10-24 22:22:10,629 - INFO - 尝试获取股票详情: https://app.jiuyangongshe.com/jystock-app/api/v1/action/stock?action_field_id=all,2025-10-24
2025-10-24 22:22:10,629 - INFO - 发送API请求到: https://app.jiuyangongshe.com/jystock-app/api/v1/action/stock?action_field_id=all,2025-10-24
2025-10-24 22:22:10,665 - WARNING - 第1次API请求失败: 404 Client Error:  for url: https://app.jiuyangongshe.com/jystock-app/api/v1/action/stock?action_field_id=all,2025-10-24
2025-10-24 22:22:12,674 - INFO - 发送API请求到: https://app.jiuyangongshe.com/jystock-app/api/v1/action/stock?action_field_id=all,2025-10-24
2025-10-24 22:22:12,714 - WARNING - 第2次API请求失败: 404 Client Error:  for url: https://app.jiuyangongshe.com/jystock-app/api/v1/action/stock?action_field_id=all,2025-10-24
2025-10-24 22:22:16,728 - INFO - 发送API请求到: https://app.jiuyangongshe.com/jystock-app/api/v1/action/stock?action_field_id=all,2025-10-24
2025-10-24 22:22:16,766 - WARNING - 第3次API请求失败: 404 Client Error:  for url: https://app.jiuyangongshe.com/jystock-app/api/v1/action/stock?action_field_id=all,2025-10-24
2025-10-24 22:22:16,767 - ERROR - 所有API请求重试失败
2025-10-24 22:22:16,767 - WARNING - 无法获取板块 '全部' 的股票详情
2025-10-24 22:22:16,767 - INFO - 获取板块 '一字板' 的股票详情
2025-10-24 22:22:16,767 - INFO - 尝试获取股票详情: https://app.jiuyangongshe.com/jystock-app/api/v1/action/list?action_field_id=recommend,2025-10-24
2025-10-24 22:22:16,767 - INFO - 发送API请求到: https://app.jiuyangongshe.com/jystock-app/api/v1/action/list?action_field_id=recommend,2025-10-24
2025-10-24 22:22:16,801 - INFO - API响应状态码: 200
2025-10-24 22:22:16,801 - INFO - 尝试获取股票详情: https://app.jiuyangongshe.com/jystock-app/api/v1/action/detail?action_field_id=recommend,2025-10-24
2025-10-24 22:22:16,802 - INFO - 发送API请求到: https://app.jiuyangongshe.com/jystock-app/api/v1/action/detail?action_field_id=recommend,2025-10-24
2025-10-24 22:22:16,838 - WARNING - 第1次API请求失败: 404 Client Error:  for url: https://app.jiuyangongshe.com/jystock-app/api/v1/action/detail?action_field_id=recommend,2025-10-24
2025-10-24 22:22:18,841 - INFO - 发送API请求到: https://app.jiuyangongshe.com/jystock-app/api/v1/action/detail?action_field_id=recommend,2025-10-24
2025-10-24 22:22:18,878 - WARNING - 第2次API请求失败: 404 Client Error:  for url: https://app.jiuyangongshe.com/jystock-app/api/v1/action/detail?action_field_id=recommend,2025-10-24
2025-10-24 22:22:22,883 - INFO - 发送API请求到: https://app.jiuyangongshe.com/jystock-app/api/v1/action/detail?action_field_id=recommend,2025-10-24
2025-10-24 22:22:22,919 - WARNING - 第3次API请求失败: 404 Client Error:  for url: https://app.jiuyangongshe.com/jystock-app/api/v1/action/detail?action_field_id=recommend,2025-10-24
2025-10-24 22:22:22,919 - ERROR - 所有API请求重试失败
2025-10-24 22:22:22,919 - INFO - 尝试获取股票详情: https://app.jiuyangongshe.com/jystock-app/api/v1/action/stock?action_field_id=recommend,2025-10-24
2025-10-24 22:22:22,919 - INFO - 发送API请求到: https://app.jiuyangongshe.com/jystock-app/api/v1/action/stock?action_field_id=recommend,2025-10-24
2025-10-24 22:22:22,959 - WARNING - 第1次API请求失败: 404 Client Error:  for url: https://app.jiuyangongshe.com/jystock-app/api/v1/action/stock?action_field_id=recommend,2025-10-24
2025-10-24 22:22:24,580 - INFO - 数据库连接已关闭
2025-10-24 22:22:24,580 - INFO - API爬虫运行结束
